2022-02-21 09:28:49,538 - Log4JLogChute initialized using file 'target\velocity.log'
2022-02-21 09:28:49,539 - Initializing Velocity, Calling init()...
2022-02-21 09:28:49,539 - Starting Apache Velocity v1.7 (compiled: 2010-11-19 12:14:37)
2022-02-21 09:28:49,540 - Default Properties File: org\apache\velocity\runtime\defaults\velocity.properties
2022-02-21 09:28:49,540 - Trying to use logger class org.apache.velocity.runtime.log.AvalonLogChute
2022-02-21 09:28:49,540 - Target log system for org.apache.velocity.runtime.log.AvalonLogChute is not available (java.lang.NoClassDefFoundError: org/apache/log/format/Formatter).  Falling back to next log system...
2022-02-21 09:28:49,540 - Trying to use logger class org.apache.velocity.runtime.log.Log4JLogChute
2022-02-21 09:28:49,543 - Using logger class org.apache.velocity.runtime.log.Log4JLogChute
2022-02-21 09:28:49,547 - ResourceLoader instantiated: org.apache.velocity.runtime.resource.loader.ClasspathResourceLoader
2022-02-21 09:28:49,564 - ResourceCache: initialized (class org.apache.velocity.runtime.resource.ResourceCacheImpl) with class java.util.Collections$SynchronizedMap cache map.
2022-02-21 09:28:49,566 - Loaded System Directive: org.apache.velocity.runtime.directive.Stop
2022-02-21 09:28:49,568 - Loaded System Directive: org.apache.velocity.runtime.directive.Define
2022-02-21 09:28:49,572 - Loaded System Directive: org.apache.velocity.runtime.directive.Break
2022-02-21 09:28:49,573 - Loaded System Directive: org.apache.velocity.runtime.directive.Evaluate
2022-02-21 09:28:49,698 - Loaded System Directive: org.apache.velocity.runtime.directive.Literal
2022-02-21 09:28:49,700 - Loaded System Directive: org.apache.velocity.runtime.directive.Macro
2022-02-21 09:28:49,702 - Loaded System Directive: org.apache.velocity.runtime.directive.Parse
2022-02-21 09:28:49,703 - Loaded System Directive: org.apache.velocity.runtime.directive.Include
2022-02-21 09:28:49,705 - Loaded System Directive: org.apache.velocity.runtime.directive.Foreach
2022-02-21 09:28:49,770 - Created '20' parsers.
2022-02-21 09:28:49,778 - Velocimacro : "velocimacro.library" is not set.  Trying default library: VM_global_library.vm
2022-02-21 09:28:49,779 - Could not load resource 'VM_global_library.vm' from ResourceLoader org.apache.velocity.runtime.resource.loader.ClasspathResourceLoader: ClasspathResourceLoader Error: cannot find resource VM_global_library.vm
2022-02-21 09:28:49,779 - Velocimacro : Default library not found.
2022-02-21 09:28:49,779 - Velocimacro : allowInline = true : VMs can be defined inline in templates
2022-02-21 09:28:49,779 - Velocimacro : allowInlineToOverride = false : VMs defined inline may NOT replace previous VM definitions
2022-02-21 09:28:49,780 - Velocimacro : allowInlineLocal = false : VMs defined inline will be global in scope if allowed.
2022-02-21 09:28:49,780 - Velocimacro : autoload off : VM system will not automatically reload global library macros
2022-02-21 09:28:51,312 - ResourceManager : found templates/generators/errorpage.vm with loader org.apache.velocity.runtime.resource.loader.ClasspathResourceLoader
2022-02-21 09:28:51,318 - ResourceManager : found /templates/headers.vm with loader org.apache.velocity.runtime.resource.loader.ClasspathResourceLoader
2022-02-21 09:28:51,319 - ResourceManager : found /templates/head.vm with loader org.apache.velocity.runtime.resource.loader.ClasspathResourceLoader
2022-02-21 09:28:51,322 - Velocimacro : added VM stringArray: source=/templates/macros/array.js.vm
2022-02-21 09:28:51,322 - Velocimacro : added VM numberArray: source=/templates/macros/array.js.vm
2022-02-21 09:28:51,322 - ResourceManager : found /templates/macros/array.js.vm with loader org.apache.velocity.runtime.resource.loader.ClasspathResourceLoader
2022-02-21 09:28:51,325 - Velocimacro : added VM includeBuildInfo: source=/templates/macros/page/buildinfo.vm
2022-02-21 09:28:51,325 - ResourceManager : found /templates/macros/page/buildinfo.vm with loader org.apache.velocity.runtime.resource.loader.ClasspathResourceLoader
2022-02-21 09:28:51,329 - Velocimacro : added VM includeClassifications: source=/templates/macros/page/classifications.vm
2022-02-21 09:28:51,329 - ResourceManager : found /templates/macros/page/classifications.vm with loader org.apache.velocity.runtime.resource.loader.ClasspathResourceLoader
2022-02-21 09:28:51,331 - Velocimacro : added VM includeLead: source=/templates/macros/page/lead.vm
2022-02-21 09:28:51,331 - ResourceManager : found /templates/macros/page/lead.vm with loader org.apache.velocity.runtime.resource.loader.ClasspathResourceLoader
2022-02-21 09:28:51,334 - Velocimacro : added VM includeNavigation: source=/templates/macros/page/navigation.vm
2022-02-21 09:28:51,334 - ResourceManager : found /templates/macros/page/navigation.vm with loader org.apache.velocity.runtime.resource.loader.ClasspathResourceLoader
2022-02-21 09:28:51,336 - Velocimacro : added VM includeReportInfo: source=/templates/macros/page/reportInfo.vm
2022-02-21 09:28:51,336 - ResourceManager : found /templates/macros/page/reportInfo.vm with loader org.apache.velocity.runtime.resource.loader.ClasspathResourceLoader
2022-02-21 09:28:51,338 - Velocimacro : added VM includeTitle: source=/templates/macros/page/title.vm
2022-02-21 09:28:51,338 - ResourceManager : found /templates/macros/page/title.vm with loader org.apache.velocity.runtime.resource.loader.ClasspathResourceLoader
2022-02-21 09:28:51,339 - Velocimacro : added VM includeExpandingButtons: source=/templates/macros/report/expandAllButtons.vm
2022-02-21 09:28:51,339 - ResourceManager : found /templates/macros/report/expandAllButtons.vm with loader org.apache.velocity.runtime.resource.loader.ClasspathResourceLoader
2022-02-21 09:28:51,346 - Velocimacro : added VM includeReportTable: source=/templates/macros/report/reportTable.vm
2022-02-21 09:28:51,346 - ResourceManager : found /templates/macros/report/reportTable.vm with loader org.apache.velocity.runtime.resource.loader.ClasspathResourceLoader
2022-02-21 09:28:51,348 - Velocimacro : added VM includeReportHeader: source=/templates/macros/report/reportHeader.vm
2022-02-21 09:28:51,348 - ResourceManager : found /templates/macros/report/reportHeader.vm with loader org.apache.velocity.runtime.resource.loader.ClasspathResourceLoader
2022-02-21 09:28:51,356 - Velocimacro : added VM includeStatsTable: source=/templates/macros/report/statsTable.vm
2022-02-21 09:28:51,356 - ResourceManager : found /templates/macros/report/statsTable.vm with loader org.apache.velocity.runtime.resource.loader.ClasspathResourceLoader
2022-02-21 09:28:51,358 - Velocimacro : added VM includeBrief: source=/templates/macros/json/brief.vm
2022-02-21 09:28:51,358 - ResourceManager : found /templates/macros/json/brief.vm with loader org.apache.velocity.runtime.resource.loader.ClasspathResourceLoader
2022-02-21 09:28:51,359 - Velocimacro : added VM includeDocString: source=/templates/macros/json/docstring.vm
2022-02-21 09:28:51,359 - ResourceManager : found /templates/macros/json/docstring.vm with loader org.apache.velocity.runtime.resource.loader.ClasspathResourceLoader
2022-02-21 09:28:51,361 - Velocimacro : added VM includeDuration: source=/templates/macros/json/duration.vm
2022-02-21 09:28:51,361 - ResourceManager : found /templates/macros/json/duration.vm with loader org.apache.velocity.runtime.resource.loader.ClasspathResourceLoader
2022-02-21 09:28:51,365 - Velocimacro : added VM includeElement: source=/templates/macros/json/element.vm
2022-02-21 09:28:51,365 - ResourceManager : found /templates/macros/json/element.vm with loader org.apache.velocity.runtime.resource.loader.ClasspathResourceLoader
2022-02-21 09:28:51,375 - Velocimacro : added VM includeEmbeddings: source=/templates/macros/json/embeddings.vm
2022-02-21 09:28:51,375 - Velocimacro : added VM includeHtmlEmbedding: source=/templates/macros/json/embeddings.vm
2022-02-21 09:28:51,375 - Velocimacro : added VM includeVideoEmbedding: source=/templates/macros/json/embeddings.vm
2022-02-21 09:28:51,375 - Velocimacro : added VM includeImageEmbedding: source=/templates/macros/json/embeddings.vm
2022-02-21 09:28:51,376 - Velocimacro : added VM includeImageReferenceEmbedding: source=/templates/macros/json/embeddings.vm
2022-02-21 09:28:51,376 - Velocimacro : added VM includeTextEmbedding: source=/templates/macros/json/embeddings.vm
2022-02-21 09:28:51,376 - Velocimacro : added VM includeUnknownEmbedding: source=/templates/macros/json/embeddings.vm
2022-02-21 09:28:51,376 - ResourceManager : found /templates/macros/json/embeddings.vm with loader org.apache.velocity.runtime.resource.loader.ClasspathResourceLoader
2022-02-21 09:28:51,379 - Velocimacro : added VM includeHooks: source=/templates/macros/json/hooks.vm
2022-02-21 09:28:51,379 - ResourceManager : found /templates/macros/json/hooks.vm with loader org.apache.velocity.runtime.resource.loader.ClasspathResourceLoader
2022-02-21 09:28:51,381 - Velocimacro : added VM includeOutput: source=/templates/macros/json/output.vm
2022-02-21 09:28:51,381 - ResourceManager : found /templates/macros/json/output.vm with loader org.apache.velocity.runtime.resource.loader.ClasspathResourceLoader
2022-02-21 09:28:51,383 - Velocimacro : added VM includeMessage: source=/templates/macros/json/message.vm
2022-02-21 09:28:51,383 - ResourceManager : found /templates/macros/json/message.vm with loader org.apache.velocity.runtime.resource.loader.ClasspathResourceLoader
2022-02-21 09:28:51,386 - Velocimacro : added VM includeSteps: source=/templates/macros/json/steps.vm
2022-02-21 09:28:51,386 - ResourceManager : found /templates/macros/json/steps.vm with loader org.apache.velocity.runtime.resource.loader.ClasspathResourceLoader
2022-02-21 09:28:51,387 - Velocimacro : added VM includeStepName: source=/templates/macros/json/stepName.vm
2022-02-21 09:28:51,387 - ResourceManager : found /templates/macros/json/stepName.vm with loader org.apache.velocity.runtime.resource.loader.ClasspathResourceLoader
2022-02-21 09:28:51,388 - Velocimacro : added VM includeTags: source=/templates/macros/json/tags.vm
2022-02-21 09:28:51,388 - ResourceManager : found /templates/macros/json/tags.vm with loader org.apache.velocity.runtime.resource.loader.ClasspathResourceLoader
2022-02-21 09:28:51,400 - VM #includeNavigation: too few arguments to macro. Wanted 1 got 0
2022-02-21 09:28:51,401 - Left side ($active_tab) of '==' operation has null value. If it is a reference, it may not be in the context or its toString() returned null. /templates/macros/page/navigation.vm[line 14, column 51]
2022-02-21 09:28:51,401 - Left side ($active_tab) of '==' operation has null value. If it is a reference, it may not be in the context or its toString() returned null. /templates/macros/page/navigation.vm[line 15, column 51]
2022-02-21 09:28:51,401 - Left side ($active_tab) of '==' operation has null value. If it is a reference, it may not be in the context or its toString() returned null. /templates/macros/page/navigation.vm[line 16, column 51]
2022-02-21 09:28:51,402 - Left side ($active_tab) of '==' operation has null value. If it is a reference, it may not be in the context or its toString() returned null. /templates/macros/page/navigation.vm[line 20, column 51]
2022-02-21 09:28:51,718 - ResourceManager : found /templates/footer.vm with loader org.apache.velocity.runtime.resource.loader.ClasspathResourceLoader
2022-02-21 09:36:17,591 - Log4JLogChute initialized using file 'target\velocity.log'
2022-02-21 09:36:17,614 - Initializing Velocity, Calling init()...
2022-02-21 09:36:17,614 - Starting Apache Velocity v1.7 (compiled: 2010-11-19 12:14:37)
2022-02-21 09:36:17,614 - Default Properties File: org\apache\velocity\runtime\defaults\velocity.properties
2022-02-21 09:36:17,614 - Trying to use logger class org.apache.velocity.runtime.log.AvalonLogChute
2022-02-21 09:36:17,614 - Target log system for org.apache.velocity.runtime.log.AvalonLogChute is not available (java.lang.NoClassDefFoundError: org/apache/log/format/Formatter).  Falling back to next log system...
2022-02-21 09:36:17,614 - Trying to use logger class org.apache.velocity.runtime.log.Log4JLogChute
2022-02-21 09:36:17,614 - Using logger class org.apache.velocity.runtime.log.Log4JLogChute
2022-02-21 09:36:17,626 - ResourceLoader instantiated: org.apache.velocity.runtime.resource.loader.ClasspathResourceLoader
2022-02-21 09:36:17,694 - ResourceCache: initialized (class org.apache.velocity.runtime.resource.ResourceCacheImpl) with class java.util.Collections$SynchronizedMap cache map.
2022-02-21 09:36:17,696 - Loaded System Directive: org.apache.velocity.runtime.directive.Stop
2022-02-21 09:36:17,697 - Loaded System Directive: org.apache.velocity.runtime.directive.Define
2022-02-21 09:36:17,698 - Loaded System Directive: org.apache.velocity.runtime.directive.Break
2022-02-21 09:36:17,699 - Loaded System Directive: org.apache.velocity.runtime.directive.Evaluate
2022-02-21 09:36:17,699 - Loaded System Directive: org.apache.velocity.runtime.directive.Literal
2022-02-21 09:36:17,701 - Loaded System Directive: org.apache.velocity.runtime.directive.Macro
2022-02-21 09:36:17,702 - Loaded System Directive: org.apache.velocity.runtime.directive.Parse
2022-02-21 09:36:17,704 - Loaded System Directive: org.apache.velocity.runtime.directive.Include
2022-02-21 09:36:17,705 - Loaded System Directive: org.apache.velocity.runtime.directive.Foreach
2022-02-21 09:36:17,788 - Created '20' parsers.
2022-02-21 09:36:17,798 - Velocimacro : "velocimacro.library" is not set.  Trying default library: VM_global_library.vm
2022-02-21 09:36:17,799 - Could not load resource 'VM_global_library.vm' from ResourceLoader org.apache.velocity.runtime.resource.loader.ClasspathResourceLoader: ClasspathResourceLoader Error: cannot find resource VM_global_library.vm
2022-02-21 09:36:17,799 - Velocimacro : Default library not found.
2022-02-21 09:36:17,800 - Velocimacro : allowInline = true : VMs can be defined inline in templates
2022-02-21 09:36:17,800 - Velocimacro : allowInlineToOverride = false : VMs defined inline may NOT replace previous VM definitions
2022-02-21 09:36:17,800 - Velocimacro : allowInlineLocal = false : VMs defined inline will be global in scope if allowed.
2022-02-21 09:36:17,800 - Velocimacro : autoload off : VM system will not automatically reload global library macros
2022-02-21 09:36:18,326 - ResourceManager : found templates/generators/errorpage.vm with loader org.apache.velocity.runtime.resource.loader.ClasspathResourceLoader
2022-02-21 09:36:18,348 - ResourceManager : found /templates/headers.vm with loader org.apache.velocity.runtime.resource.loader.ClasspathResourceLoader
2022-02-21 09:36:18,349 - ResourceManager : found /templates/head.vm with loader org.apache.velocity.runtime.resource.loader.ClasspathResourceLoader
2022-02-21 09:36:18,352 - Velocimacro : added VM stringArray: source=/templates/macros/array.js.vm
2022-02-21 09:36:18,352 - Velocimacro : added VM numberArray: source=/templates/macros/array.js.vm
2022-02-21 09:36:18,352 - ResourceManager : found /templates/macros/array.js.vm with loader org.apache.velocity.runtime.resource.loader.ClasspathResourceLoader
2022-02-21 09:36:18,355 - Velocimacro : added VM includeBuildInfo: source=/templates/macros/page/buildinfo.vm
2022-02-21 09:36:18,355 - ResourceManager : found /templates/macros/page/buildinfo.vm with loader org.apache.velocity.runtime.resource.loader.ClasspathResourceLoader
2022-02-21 09:36:18,359 - Velocimacro : added VM includeClassifications: source=/templates/macros/page/classifications.vm
2022-02-21 09:36:18,359 - ResourceManager : found /templates/macros/page/classifications.vm with loader org.apache.velocity.runtime.resource.loader.ClasspathResourceLoader
2022-02-21 09:36:18,361 - Velocimacro : added VM includeLead: source=/templates/macros/page/lead.vm
2022-02-21 09:36:18,361 - ResourceManager : found /templates/macros/page/lead.vm with loader org.apache.velocity.runtime.resource.loader.ClasspathResourceLoader
2022-02-21 09:36:18,364 - Velocimacro : added VM includeNavigation: source=/templates/macros/page/navigation.vm
2022-02-21 09:36:18,364 - ResourceManager : found /templates/macros/page/navigation.vm with loader org.apache.velocity.runtime.resource.loader.ClasspathResourceLoader
2022-02-21 09:36:18,385 - Velocimacro : added VM includeReportInfo: source=/templates/macros/page/reportInfo.vm
2022-02-21 09:36:18,385 - ResourceManager : found /templates/macros/page/reportInfo.vm with loader org.apache.velocity.runtime.resource.loader.ClasspathResourceLoader
2022-02-21 09:36:18,387 - Velocimacro : added VM includeTitle: source=/templates/macros/page/title.vm
2022-02-21 09:36:18,387 - ResourceManager : found /templates/macros/page/title.vm with loader org.apache.velocity.runtime.resource.loader.ClasspathResourceLoader
2022-02-21 09:36:18,388 - Velocimacro : added VM includeExpandingButtons: source=/templates/macros/report/expandAllButtons.vm
2022-02-21 09:36:18,388 - ResourceManager : found /templates/macros/report/expandAllButtons.vm with loader org.apache.velocity.runtime.resource.loader.ClasspathResourceLoader
2022-02-21 09:36:18,393 - Velocimacro : added VM includeReportTable: source=/templates/macros/report/reportTable.vm
2022-02-21 09:36:18,393 - ResourceManager : found /templates/macros/report/reportTable.vm with loader org.apache.velocity.runtime.resource.loader.ClasspathResourceLoader
2022-02-21 09:36:18,395 - Velocimacro : added VM includeReportHeader: source=/templates/macros/report/reportHeader.vm
2022-02-21 09:36:18,395 - ResourceManager : found /templates/macros/report/reportHeader.vm with loader org.apache.velocity.runtime.resource.loader.ClasspathResourceLoader
2022-02-21 09:36:18,400 - Velocimacro : added VM includeStatsTable: source=/templates/macros/report/statsTable.vm
2022-02-21 09:36:18,400 - ResourceManager : found /templates/macros/report/statsTable.vm with loader org.apache.velocity.runtime.resource.loader.ClasspathResourceLoader
2022-02-21 09:36:18,402 - Velocimacro : added VM includeBrief: source=/templates/macros/json/brief.vm
2022-02-21 09:36:18,402 - ResourceManager : found /templates/macros/json/brief.vm with loader org.apache.velocity.runtime.resource.loader.ClasspathResourceLoader
2022-02-21 09:36:18,403 - Velocimacro : added VM includeDocString: source=/templates/macros/json/docstring.vm
2022-02-21 09:36:18,403 - ResourceManager : found /templates/macros/json/docstring.vm with loader org.apache.velocity.runtime.resource.loader.ClasspathResourceLoader
2022-02-21 09:36:18,404 - Velocimacro : added VM includeDuration: source=/templates/macros/json/duration.vm
2022-02-21 09:36:18,404 - ResourceManager : found /templates/macros/json/duration.vm with loader org.apache.velocity.runtime.resource.loader.ClasspathResourceLoader
2022-02-21 09:36:18,409 - Velocimacro : added VM includeElement: source=/templates/macros/json/element.vm
2022-02-21 09:36:18,409 - ResourceManager : found /templates/macros/json/element.vm with loader org.apache.velocity.runtime.resource.loader.ClasspathResourceLoader
2022-02-21 09:36:18,420 - Velocimacro : added VM includeEmbeddings: source=/templates/macros/json/embeddings.vm
2022-02-21 09:36:18,421 - Velocimacro : added VM includeHtmlEmbedding: source=/templates/macros/json/embeddings.vm
2022-02-21 09:36:18,421 - Velocimacro : added VM includeVideoEmbedding: source=/templates/macros/json/embeddings.vm
2022-02-21 09:36:18,421 - Velocimacro : added VM includeImageEmbedding: source=/templates/macros/json/embeddings.vm
2022-02-21 09:36:18,421 - Velocimacro : added VM includeImageReferenceEmbedding: source=/templates/macros/json/embeddings.vm
2022-02-21 09:36:18,421 - Velocimacro : added VM includeTextEmbedding: source=/templates/macros/json/embeddings.vm
2022-02-21 09:36:18,421 - Velocimacro : added VM includeUnknownEmbedding: source=/templates/macros/json/embeddings.vm
2022-02-21 09:36:18,422 - ResourceManager : found /templates/macros/json/embeddings.vm with loader org.apache.velocity.runtime.resource.loader.ClasspathResourceLoader
2022-02-21 09:36:18,426 - Velocimacro : added VM includeHooks: source=/templates/macros/json/hooks.vm
2022-02-21 09:36:18,426 - ResourceManager : found /templates/macros/json/hooks.vm with loader org.apache.velocity.runtime.resource.loader.ClasspathResourceLoader
2022-02-21 09:36:18,429 - Velocimacro : added VM includeOutput: source=/templates/macros/json/output.vm
2022-02-21 09:36:18,429 - ResourceManager : found /templates/macros/json/output.vm with loader org.apache.velocity.runtime.resource.loader.ClasspathResourceLoader
2022-02-21 09:36:18,430 - Velocimacro : added VM includeMessage: source=/templates/macros/json/message.vm
2022-02-21 09:36:18,430 - ResourceManager : found /templates/macros/json/message.vm with loader org.apache.velocity.runtime.resource.loader.ClasspathResourceLoader
2022-02-21 09:36:18,432 - Velocimacro : added VM includeSteps: source=/templates/macros/json/steps.vm
2022-02-21 09:36:18,433 - ResourceManager : found /templates/macros/json/steps.vm with loader org.apache.velocity.runtime.resource.loader.ClasspathResourceLoader
2022-02-21 09:36:18,434 - Velocimacro : added VM includeStepName: source=/templates/macros/json/stepName.vm
2022-02-21 09:36:18,434 - ResourceManager : found /templates/macros/json/stepName.vm with loader org.apache.velocity.runtime.resource.loader.ClasspathResourceLoader
2022-02-21 09:36:18,435 - Velocimacro : added VM includeTags: source=/templates/macros/json/tags.vm
2022-02-21 09:36:18,435 - ResourceManager : found /templates/macros/json/tags.vm with loader org.apache.velocity.runtime.resource.loader.ClasspathResourceLoader
2022-02-21 09:36:18,473 - VM #includeNavigation: too few arguments to macro. Wanted 1 got 0
2022-02-21 09:36:18,474 - Left side ($active_tab) of '==' operation has null value. If it is a reference, it may not be in the context or its toString() returned null. /templates/macros/page/navigation.vm[line 14, column 51]
2022-02-21 09:36:18,475 - Left side ($active_tab) of '==' operation has null value. If it is a reference, it may not be in the context or its toString() returned null. /templates/macros/page/navigation.vm[line 15, column 51]
2022-02-21 09:36:18,475 - Left side ($active_tab) of '==' operation has null value. If it is a reference, it may not be in the context or its toString() returned null. /templates/macros/page/navigation.vm[line 16, column 51]
2022-02-21 09:36:18,475 - Left side ($active_tab) of '==' operation has null value. If it is a reference, it may not be in the context or its toString() returned null. /templates/macros/page/navigation.vm[line 20, column 51]
2022-02-21 09:36:18,589 - ResourceManager : found /templates/footer.vm with loader org.apache.velocity.runtime.resource.loader.ClasspathResourceLoader
2022-02-21 09:51:46,845 - Log4JLogChute initialized using file 'target\velocity.log'
2022-02-21 09:51:46,860 - Initializing Velocity, Calling init()...
2022-02-21 09:51:46,860 - Starting Apache Velocity v1.7 (compiled: 2010-11-19 12:14:37)
2022-02-21 09:51:46,860 - Default Properties File: org\apache\velocity\runtime\defaults\velocity.properties
2022-02-21 09:51:46,860 - Trying to use logger class org.apache.velocity.runtime.log.AvalonLogChute
2022-02-21 09:51:46,860 - Target log system for org.apache.velocity.runtime.log.AvalonLogChute is not available (java.lang.NoClassDefFoundError: org/apache/log/format/Formatter).  Falling back to next log system...
2022-02-21 09:51:46,860 - Trying to use logger class org.apache.velocity.runtime.log.Log4JLogChute
2022-02-21 09:51:46,860 - Using logger class org.apache.velocity.runtime.log.Log4JLogChute
2022-02-21 09:51:46,864 - ResourceLoader instantiated: org.apache.velocity.runtime.resource.loader.ClasspathResourceLoader
2022-02-21 09:51:46,879 - ResourceCache: initialized (class org.apache.velocity.runtime.resource.ResourceCacheImpl) with class java.util.Collections$SynchronizedMap cache map.
2022-02-21 09:51:46,881 - Loaded System Directive: org.apache.velocity.runtime.directive.Stop
2022-02-21 09:51:46,882 - Loaded System Directive: org.apache.velocity.runtime.directive.Define
2022-02-21 09:51:46,883 - Loaded System Directive: org.apache.velocity.runtime.directive.Break
2022-02-21 09:51:46,884 - Loaded System Directive: org.apache.velocity.runtime.directive.Evaluate
2022-02-21 09:51:46,885 - Loaded System Directive: org.apache.velocity.runtime.directive.Literal
2022-02-21 09:51:46,886 - Loaded System Directive: org.apache.velocity.runtime.directive.Macro
2022-02-21 09:51:46,888 - Loaded System Directive: org.apache.velocity.runtime.directive.Parse
2022-02-21 09:51:46,890 - Loaded System Directive: org.apache.velocity.runtime.directive.Include
2022-02-21 09:51:46,891 - Loaded System Directive: org.apache.velocity.runtime.directive.Foreach
2022-02-21 09:51:46,968 - Created '20' parsers.
2022-02-21 09:51:46,978 - Velocimacro : "velocimacro.library" is not set.  Trying default library: VM_global_library.vm
2022-02-21 09:51:46,979 - Could not load resource 'VM_global_library.vm' from ResourceLoader org.apache.velocity.runtime.resource.loader.ClasspathResourceLoader: ClasspathResourceLoader Error: cannot find resource VM_global_library.vm
2022-02-21 09:51:46,979 - Velocimacro : Default library not found.
2022-02-21 09:51:46,979 - Velocimacro : allowInline = true : VMs can be defined inline in templates
2022-02-21 09:51:46,979 - Velocimacro : allowInlineToOverride = false : VMs defined inline may NOT replace previous VM definitions
2022-02-21 09:51:46,979 - Velocimacro : allowInlineLocal = false : VMs defined inline will be global in scope if allowed.
2022-02-21 09:51:46,979 - Velocimacro : autoload off : VM system will not automatically reload global library macros
2022-02-21 09:51:47,126 - ResourceManager : found templates/generators/errorpage.vm with loader org.apache.velocity.runtime.resource.loader.ClasspathResourceLoader
2022-02-21 09:51:47,132 - ResourceManager : found /templates/headers.vm with loader org.apache.velocity.runtime.resource.loader.ClasspathResourceLoader
2022-02-21 09:51:47,133 - ResourceManager : found /templates/head.vm with loader org.apache.velocity.runtime.resource.loader.ClasspathResourceLoader
2022-02-21 09:51:47,136 - Velocimacro : added VM stringArray: source=/templates/macros/array.js.vm
2022-02-21 09:51:47,136 - Velocimacro : added VM numberArray: source=/templates/macros/array.js.vm
2022-02-21 09:51:47,136 - ResourceManager : found /templates/macros/array.js.vm with loader org.apache.velocity.runtime.resource.loader.ClasspathResourceLoader
2022-02-21 09:51:47,139 - Velocimacro : added VM includeBuildInfo: source=/templates/macros/page/buildinfo.vm
2022-02-21 09:51:47,139 - ResourceManager : found /templates/macros/page/buildinfo.vm with loader org.apache.velocity.runtime.resource.loader.ClasspathResourceLoader
2022-02-21 09:51:47,145 - Velocimacro : added VM includeClassifications: source=/templates/macros/page/classifications.vm
2022-02-21 09:51:47,145 - ResourceManager : found /templates/macros/page/classifications.vm with loader org.apache.velocity.runtime.resource.loader.ClasspathResourceLoader
2022-02-21 09:51:47,146 - Velocimacro : added VM includeLead: source=/templates/macros/page/lead.vm
2022-02-21 09:51:47,146 - ResourceManager : found /templates/macros/page/lead.vm with loader org.apache.velocity.runtime.resource.loader.ClasspathResourceLoader
2022-02-21 09:51:47,149 - Velocimacro : added VM includeNavigation: source=/templates/macros/page/navigation.vm
2022-02-21 09:51:47,149 - ResourceManager : found /templates/macros/page/navigation.vm with loader org.apache.velocity.runtime.resource.loader.ClasspathResourceLoader
2022-02-21 09:51:47,151 - Velocimacro : added VM includeReportInfo: source=/templates/macros/page/reportInfo.vm
2022-02-21 09:51:47,151 - ResourceManager : found /templates/macros/page/reportInfo.vm with loader org.apache.velocity.runtime.resource.loader.ClasspathResourceLoader
2022-02-21 09:51:47,153 - Velocimacro : added VM includeTitle: source=/templates/macros/page/title.vm
2022-02-21 09:51:47,153 - ResourceManager : found /templates/macros/page/title.vm with loader org.apache.velocity.runtime.resource.loader.ClasspathResourceLoader
2022-02-21 09:51:47,154 - Velocimacro : added VM includeExpandingButtons: source=/templates/macros/report/expandAllButtons.vm
2022-02-21 09:51:47,154 - ResourceManager : found /templates/macros/report/expandAllButtons.vm with loader org.apache.velocity.runtime.resource.loader.ClasspathResourceLoader
2022-02-21 09:51:47,159 - Velocimacro : added VM includeReportTable: source=/templates/macros/report/reportTable.vm
2022-02-21 09:51:47,159 - ResourceManager : found /templates/macros/report/reportTable.vm with loader org.apache.velocity.runtime.resource.loader.ClasspathResourceLoader
2022-02-21 09:51:47,161 - Velocimacro : added VM includeReportHeader: source=/templates/macros/report/reportHeader.vm
2022-02-21 09:51:47,161 - ResourceManager : found /templates/macros/report/reportHeader.vm with loader org.apache.velocity.runtime.resource.loader.ClasspathResourceLoader
2022-02-21 09:51:47,169 - Velocimacro : added VM includeStatsTable: source=/templates/macros/report/statsTable.vm
2022-02-21 09:51:47,169 - ResourceManager : found /templates/macros/report/statsTable.vm with loader org.apache.velocity.runtime.resource.loader.ClasspathResourceLoader
2022-02-21 09:51:47,170 - Velocimacro : added VM includeBrief: source=/templates/macros/json/brief.vm
2022-02-21 09:51:47,170 - ResourceManager : found /templates/macros/json/brief.vm with loader org.apache.velocity.runtime.resource.loader.ClasspathResourceLoader
2022-02-21 09:51:47,171 - Velocimacro : added VM includeDocString: source=/templates/macros/json/docstring.vm
2022-02-21 09:51:47,171 - ResourceManager : found /templates/macros/json/docstring.vm with loader org.apache.velocity.runtime.resource.loader.ClasspathResourceLoader
2022-02-21 09:51:47,173 - Velocimacro : added VM includeDuration: source=/templates/macros/json/duration.vm
2022-02-21 09:51:47,173 - ResourceManager : found /templates/macros/json/duration.vm with loader org.apache.velocity.runtime.resource.loader.ClasspathResourceLoader
2022-02-21 09:51:47,177 - Velocimacro : added VM includeElement: source=/templates/macros/json/element.vm
2022-02-21 09:51:47,177 - ResourceManager : found /templates/macros/json/element.vm with loader org.apache.velocity.runtime.resource.loader.ClasspathResourceLoader
2022-02-21 09:51:47,188 - Velocimacro : added VM includeEmbeddings: source=/templates/macros/json/embeddings.vm
2022-02-21 09:51:47,188 - Velocimacro : added VM includeHtmlEmbedding: source=/templates/macros/json/embeddings.vm
2022-02-21 09:51:47,189 - Velocimacro : added VM includeVideoEmbedding: source=/templates/macros/json/embeddings.vm
2022-02-21 09:51:47,189 - Velocimacro : added VM includeImageEmbedding: source=/templates/macros/json/embeddings.vm
2022-02-21 09:51:47,189 - Velocimacro : added VM includeImageReferenceEmbedding: source=/templates/macros/json/embeddings.vm
2022-02-21 09:51:47,189 - Velocimacro : added VM includeTextEmbedding: source=/templates/macros/json/embeddings.vm
2022-02-21 09:51:47,189 - Velocimacro : added VM includeUnknownEmbedding: source=/templates/macros/json/embeddings.vm
2022-02-21 09:51:47,189 - ResourceManager : found /templates/macros/json/embeddings.vm with loader org.apache.velocity.runtime.resource.loader.ClasspathResourceLoader
2022-02-21 09:51:47,192 - Velocimacro : added VM includeHooks: source=/templates/macros/json/hooks.vm
2022-02-21 09:51:47,192 - ResourceManager : found /templates/macros/json/hooks.vm with loader org.apache.velocity.runtime.resource.loader.ClasspathResourceLoader
2022-02-21 09:51:47,195 - Velocimacro : added VM includeOutput: source=/templates/macros/json/output.vm
2022-02-21 09:51:47,195 - ResourceManager : found /templates/macros/json/output.vm with loader org.apache.velocity.runtime.resource.loader.ClasspathResourceLoader
2022-02-21 09:51:47,196 - Velocimacro : added VM includeMessage: source=/templates/macros/json/message.vm
2022-02-21 09:51:47,196 - ResourceManager : found /templates/macros/json/message.vm with loader org.apache.velocity.runtime.resource.loader.ClasspathResourceLoader
2022-02-21 09:51:47,198 - Velocimacro : added VM includeSteps: source=/templates/macros/json/steps.vm
2022-02-21 09:51:47,198 - ResourceManager : found /templates/macros/json/steps.vm with loader org.apache.velocity.runtime.resource.loader.ClasspathResourceLoader
2022-02-21 09:51:47,199 - Velocimacro : added VM includeStepName: source=/templates/macros/json/stepName.vm
2022-02-21 09:51:47,199 - ResourceManager : found /templates/macros/json/stepName.vm with loader org.apache.velocity.runtime.resource.loader.ClasspathResourceLoader
2022-02-21 09:51:47,200 - Velocimacro : added VM includeTags: source=/templates/macros/json/tags.vm
2022-02-21 09:51:47,201 - ResourceManager : found /templates/macros/json/tags.vm with loader org.apache.velocity.runtime.resource.loader.ClasspathResourceLoader
2022-02-21 09:51:47,212 - VM #includeNavigation: too few arguments to macro. Wanted 1 got 0
2022-02-21 09:51:47,214 - Left side ($active_tab) of '==' operation has null value. If it is a reference, it may not be in the context or its toString() returned null. /templates/macros/page/navigation.vm[line 14, column 51]
2022-02-21 09:51:47,214 - Left side ($active_tab) of '==' operation has null value. If it is a reference, it may not be in the context or its toString() returned null. /templates/macros/page/navigation.vm[line 15, column 51]
2022-02-21 09:51:47,214 - Left side ($active_tab) of '==' operation has null value. If it is a reference, it may not be in the context or its toString() returned null. /templates/macros/page/navigation.vm[line 16, column 51]
2022-02-21 09:51:47,214 - Left side ($active_tab) of '==' operation has null value. If it is a reference, it may not be in the context or its toString() returned null. /templates/macros/page/navigation.vm[line 20, column 51]
2022-02-21 09:51:47,242 - ResourceManager : found /templates/footer.vm with loader org.apache.velocity.runtime.resource.loader.ClasspathResourceLoader
2022-02-21 09:57:18,703 - Log4JLogChute initialized using file 'target\velocity.log'
2022-02-21 09:57:18,704 - Initializing Velocity, Calling init()...
2022-02-21 09:57:18,704 - Starting Apache Velocity v1.7 (compiled: 2010-11-19 12:14:37)
2022-02-21 09:57:18,704 - Default Properties File: org\apache\velocity\runtime\defaults\velocity.properties
2022-02-21 09:57:18,704 - Trying to use logger class org.apache.velocity.runtime.log.AvalonLogChute
2022-02-21 09:57:18,704 - Target log system for org.apache.velocity.runtime.log.AvalonLogChute is not available (java.lang.NoClassDefFoundError: org/apache/log/format/Formatter).  Falling back to next log system...
2022-02-21 09:57:18,704 - Trying to use logger class org.apache.velocity.runtime.log.Log4JLogChute
2022-02-21 09:57:18,704 - Using logger class org.apache.velocity.runtime.log.Log4JLogChute
2022-02-21 09:57:18,708 - ResourceLoader instantiated: org.apache.velocity.runtime.resource.loader.ClasspathResourceLoader
2022-02-21 09:57:18,723 - ResourceCache: initialized (class org.apache.velocity.runtime.resource.ResourceCacheImpl) with class java.util.Collections$SynchronizedMap cache map.
2022-02-21 09:57:18,725 - Loaded System Directive: org.apache.velocity.runtime.directive.Stop
2022-02-21 09:57:18,726 - Loaded System Directive: org.apache.velocity.runtime.directive.Define
2022-02-21 09:57:18,727 - Loaded System Directive: org.apache.velocity.runtime.directive.Break
2022-02-21 09:57:18,728 - Loaded System Directive: org.apache.velocity.runtime.directive.Evaluate
2022-02-21 09:57:18,729 - Loaded System Directive: org.apache.velocity.runtime.directive.Literal
2022-02-21 09:57:18,730 - Loaded System Directive: org.apache.velocity.runtime.directive.Macro
2022-02-21 09:57:18,732 - Loaded System Directive: org.apache.velocity.runtime.directive.Parse
2022-02-21 09:57:18,733 - Loaded System Directive: org.apache.velocity.runtime.directive.Include
2022-02-21 09:57:18,734 - Loaded System Directive: org.apache.velocity.runtime.directive.Foreach
2022-02-21 09:57:18,770 - Created '20' parsers.
2022-02-21 09:57:18,779 - Velocimacro : "velocimacro.library" is not set.  Trying default library: VM_global_library.vm
2022-02-21 09:57:18,780 - Could not load resource 'VM_global_library.vm' from ResourceLoader org.apache.velocity.runtime.resource.loader.ClasspathResourceLoader: ClasspathResourceLoader Error: cannot find resource VM_global_library.vm
2022-02-21 09:57:18,780 - Velocimacro : Default library not found.
2022-02-21 09:57:18,780 - Velocimacro : allowInline = true : VMs can be defined inline in templates
2022-02-21 09:57:18,780 - Velocimacro : allowInlineToOverride = false : VMs defined inline may NOT replace previous VM definitions
2022-02-21 09:57:18,780 - Velocimacro : allowInlineLocal = false : VMs defined inline will be global in scope if allowed.
2022-02-21 09:57:18,780 - Velocimacro : autoload off : VM system will not automatically reload global library macros
2022-02-21 09:57:18,923 - ResourceManager : found templates/generators/errorpage.vm with loader org.apache.velocity.runtime.resource.loader.ClasspathResourceLoader
2022-02-21 09:57:18,928 - ResourceManager : found /templates/headers.vm with loader org.apache.velocity.runtime.resource.loader.ClasspathResourceLoader
2022-02-21 09:57:18,929 - ResourceManager : found /templates/head.vm with loader org.apache.velocity.runtime.resource.loader.ClasspathResourceLoader
2022-02-21 09:57:18,933 - Velocimacro : added VM stringArray: source=/templates/macros/array.js.vm
2022-02-21 09:57:18,933 - Velocimacro : added VM numberArray: source=/templates/macros/array.js.vm
2022-02-21 09:57:18,933 - ResourceManager : found /templates/macros/array.js.vm with loader org.apache.velocity.runtime.resource.loader.ClasspathResourceLoader
2022-02-21 09:57:18,935 - Velocimacro : added VM includeBuildInfo: source=/templates/macros/page/buildinfo.vm
2022-02-21 09:57:18,935 - ResourceManager : found /templates/macros/page/buildinfo.vm with loader org.apache.velocity.runtime.resource.loader.ClasspathResourceLoader
2022-02-21 09:57:18,940 - Velocimacro : added VM includeClassifications: source=/templates/macros/page/classifications.vm
2022-02-21 09:57:18,940 - ResourceManager : found /templates/macros/page/classifications.vm with loader org.apache.velocity.runtime.resource.loader.ClasspathResourceLoader
2022-02-21 09:57:18,941 - Velocimacro : added VM includeLead: source=/templates/macros/page/lead.vm
2022-02-21 09:57:18,941 - ResourceManager : found /templates/macros/page/lead.vm with loader org.apache.velocity.runtime.resource.loader.ClasspathResourceLoader
2022-02-21 09:57:18,944 - Velocimacro : added VM includeNavigation: source=/templates/macros/page/navigation.vm
2022-02-21 09:57:18,944 - ResourceManager : found /templates/macros/page/navigation.vm with loader org.apache.velocity.runtime.resource.loader.ClasspathResourceLoader
2022-02-21 09:57:18,947 - Velocimacro : added VM includeReportInfo: source=/templates/macros/page/reportInfo.vm
2022-02-21 09:57:18,947 - ResourceManager : found /templates/macros/page/reportInfo.vm with loader org.apache.velocity.runtime.resource.loader.ClasspathResourceLoader
2022-02-21 09:57:18,948 - Velocimacro : added VM includeTitle: source=/templates/macros/page/title.vm
2022-02-21 09:57:18,948 - ResourceManager : found /templates/macros/page/title.vm with loader org.apache.velocity.runtime.resource.loader.ClasspathResourceLoader
2022-02-21 09:57:18,949 - Velocimacro : added VM includeExpandingButtons: source=/templates/macros/report/expandAllButtons.vm
2022-02-21 09:57:18,949 - ResourceManager : found /templates/macros/report/expandAllButtons.vm with loader org.apache.velocity.runtime.resource.loader.ClasspathResourceLoader
2022-02-21 09:57:18,955 - Velocimacro : added VM includeReportTable: source=/templates/macros/report/reportTable.vm
2022-02-21 09:57:18,955 - ResourceManager : found /templates/macros/report/reportTable.vm with loader org.apache.velocity.runtime.resource.loader.ClasspathResourceLoader
2022-02-21 09:57:18,956 - Velocimacro : added VM includeReportHeader: source=/templates/macros/report/reportHeader.vm
2022-02-21 09:57:18,956 - ResourceManager : found /templates/macros/report/reportHeader.vm with loader org.apache.velocity.runtime.resource.loader.ClasspathResourceLoader
2022-02-21 09:57:18,964 - Velocimacro : added VM includeStatsTable: source=/templates/macros/report/statsTable.vm
2022-02-21 09:57:18,964 - ResourceManager : found /templates/macros/report/statsTable.vm with loader org.apache.velocity.runtime.resource.loader.ClasspathResourceLoader
2022-02-21 09:57:18,965 - Velocimacro : added VM includeBrief: source=/templates/macros/json/brief.vm
2022-02-21 09:57:18,965 - ResourceManager : found /templates/macros/json/brief.vm with loader org.apache.velocity.runtime.resource.loader.ClasspathResourceLoader
2022-02-21 09:57:18,967 - Velocimacro : added VM includeDocString: source=/templates/macros/json/docstring.vm
2022-02-21 09:57:18,967 - ResourceManager : found /templates/macros/json/docstring.vm with loader org.apache.velocity.runtime.resource.loader.ClasspathResourceLoader
2022-02-21 09:57:18,968 - Velocimacro : added VM includeDuration: source=/templates/macros/json/duration.vm
2022-02-21 09:57:18,968 - ResourceManager : found /templates/macros/json/duration.vm with loader org.apache.velocity.runtime.resource.loader.ClasspathResourceLoader
2022-02-21 09:57:18,972 - Velocimacro : added VM includeElement: source=/templates/macros/json/element.vm
2022-02-21 09:57:18,972 - ResourceManager : found /templates/macros/json/element.vm with loader org.apache.velocity.runtime.resource.loader.ClasspathResourceLoader
2022-02-21 09:57:18,983 - Velocimacro : added VM includeEmbeddings: source=/templates/macros/json/embeddings.vm
2022-02-21 09:57:18,983 - Velocimacro : added VM includeHtmlEmbedding: source=/templates/macros/json/embeddings.vm
2022-02-21 09:57:18,984 - Velocimacro : added VM includeVideoEmbedding: source=/templates/macros/json/embeddings.vm
2022-02-21 09:57:18,984 - Velocimacro : added VM includeImageEmbedding: source=/templates/macros/json/embeddings.vm
2022-02-21 09:57:18,984 - Velocimacro : added VM includeImageReferenceEmbedding: source=/templates/macros/json/embeddings.vm
2022-02-21 09:57:18,984 - Velocimacro : added VM includeTextEmbedding: source=/templates/macros/json/embeddings.vm
2022-02-21 09:57:18,984 - Velocimacro : added VM includeUnknownEmbedding: source=/templates/macros/json/embeddings.vm
2022-02-21 09:57:18,984 - ResourceManager : found /templates/macros/json/embeddings.vm with loader org.apache.velocity.runtime.resource.loader.ClasspathResourceLoader
2022-02-21 09:57:18,987 - Velocimacro : added VM includeHooks: source=/templates/macros/json/hooks.vm
2022-02-21 09:57:18,987 - ResourceManager : found /templates/macros/json/hooks.vm with loader org.apache.velocity.runtime.resource.loader.ClasspathResourceLoader
2022-02-21 09:57:18,990 - Velocimacro : added VM includeOutput: source=/templates/macros/json/output.vm
2022-02-21 09:57:18,990 - ResourceManager : found /templates/macros/json/output.vm with loader org.apache.velocity.runtime.resource.loader.ClasspathResourceLoader
2022-02-21 09:57:18,991 - Velocimacro : added VM includeMessage: source=/templates/macros/json/message.vm
2022-02-21 09:57:18,991 - ResourceManager : found /templates/macros/json/message.vm with loader org.apache.velocity.runtime.resource.loader.ClasspathResourceLoader
2022-02-21 09:57:18,993 - Velocimacro : added VM includeSteps: source=/templates/macros/json/steps.vm
2022-02-21 09:57:18,993 - ResourceManager : found /templates/macros/json/steps.vm with loader org.apache.velocity.runtime.resource.loader.ClasspathResourceLoader
2022-02-21 09:57:18,994 - Velocimacro : added VM includeStepName: source=/templates/macros/json/stepName.vm
2022-02-21 09:57:18,994 - ResourceManager : found /templates/macros/json/stepName.vm with loader org.apache.velocity.runtime.resource.loader.ClasspathResourceLoader
2022-02-21 09:57:18,995 - Velocimacro : added VM includeTags: source=/templates/macros/json/tags.vm
2022-02-21 09:57:18,995 - ResourceManager : found /templates/macros/json/tags.vm with loader org.apache.velocity.runtime.resource.loader.ClasspathResourceLoader
2022-02-21 09:57:19,007 - VM #includeNavigation: too few arguments to macro. Wanted 1 got 0
2022-02-21 09:57:19,009 - Left side ($active_tab) of '==' operation has null value. If it is a reference, it may not be in the context or its toString() returned null. /templates/macros/page/navigation.vm[line 14, column 51]
2022-02-21 09:57:19,009 - Left side ($active_tab) of '==' operation has null value. If it is a reference, it may not be in the context or its toString() returned null. /templates/macros/page/navigation.vm[line 15, column 51]
2022-02-21 09:57:19,009 - Left side ($active_tab) of '==' operation has null value. If it is a reference, it may not be in the context or its toString() returned null. /templates/macros/page/navigation.vm[line 16, column 51]
2022-02-21 09:57:19,009 - Left side ($active_tab) of '==' operation has null value. If it is a reference, it may not be in the context or its toString() returned null. /templates/macros/page/navigation.vm[line 20, column 51]
2022-02-21 09:57:19,037 - ResourceManager : found /templates/footer.vm with loader org.apache.velocity.runtime.resource.loader.ClasspathResourceLoader
2022-02-21 13:52:03,012 - Log4JLogChute initialized using file 'target\velocity.log'
2022-02-21 13:52:03,021 - Initializing Velocity, Calling init()...
2022-02-21 13:52:03,021 - Starting Apache Velocity v1.7 (compiled: 2010-11-19 12:14:37)
2022-02-21 13:52:03,021 - Default Properties File: org\apache\velocity\runtime\defaults\velocity.properties
2022-02-21 13:52:03,021 - Trying to use logger class org.apache.velocity.runtime.log.AvalonLogChute
2022-02-21 13:52:03,021 - Target log system for org.apache.velocity.runtime.log.AvalonLogChute is not available (java.lang.NoClassDefFoundError: org/apache/log/format/Formatter).  Falling back to next log system...
2022-02-21 13:52:03,021 - Trying to use logger class org.apache.velocity.runtime.log.Log4JLogChute
2022-02-21 13:52:03,021 - Using logger class org.apache.velocity.runtime.log.Log4JLogChute
2022-02-21 13:52:03,025 - ResourceLoader instantiated: org.apache.velocity.runtime.resource.loader.ClasspathResourceLoader
2022-02-21 13:52:03,040 - ResourceCache: initialized (class org.apache.velocity.runtime.resource.ResourceCacheImpl) with class java.util.Collections$SynchronizedMap cache map.
2022-02-21 13:52:03,042 - Loaded System Directive: org.apache.velocity.runtime.directive.Stop
2022-02-21 13:52:03,044 - Loaded System Directive: org.apache.velocity.runtime.directive.Define
2022-02-21 13:52:03,044 - Loaded System Directive: org.apache.velocity.runtime.directive.Break
2022-02-21 13:52:03,045 - Loaded System Directive: org.apache.velocity.runtime.directive.Evaluate
2022-02-21 13:52:03,046 - Loaded System Directive: org.apache.velocity.runtime.directive.Literal
2022-02-21 13:52:03,047 - Loaded System Directive: org.apache.velocity.runtime.directive.Macro
2022-02-21 13:52:03,049 - Loaded System Directive: org.apache.velocity.runtime.directive.Parse
2022-02-21 13:52:03,050 - Loaded System Directive: org.apache.velocity.runtime.directive.Include
2022-02-21 13:52:03,051 - Loaded System Directive: org.apache.velocity.runtime.directive.Foreach
2022-02-21 13:52:03,102 - Created '20' parsers.
2022-02-21 13:52:03,110 - Velocimacro : "velocimacro.library" is not set.  Trying default library: VM_global_library.vm
2022-02-21 13:52:03,111 - Could not load resource 'VM_global_library.vm' from ResourceLoader org.apache.velocity.runtime.resource.loader.ClasspathResourceLoader: ClasspathResourceLoader Error: cannot find resource VM_global_library.vm
2022-02-21 13:52:03,111 - Velocimacro : Default library not found.
2022-02-21 13:52:03,111 - Velocimacro : allowInline = true : VMs can be defined inline in templates
2022-02-21 13:52:03,111 - Velocimacro : allowInlineToOverride = false : VMs defined inline may NOT replace previous VM definitions
2022-02-21 13:52:03,111 - Velocimacro : allowInlineLocal = false : VMs defined inline will be global in scope if allowed.
2022-02-21 13:52:03,111 - Velocimacro : autoload off : VM system will not automatically reload global library macros
2022-02-21 13:52:03,339 - ResourceManager : found templates/generators/errorpage.vm with loader org.apache.velocity.runtime.resource.loader.ClasspathResourceLoader
2022-02-21 13:52:03,359 - ResourceManager : found /templates/headers.vm with loader org.apache.velocity.runtime.resource.loader.ClasspathResourceLoader
2022-02-21 13:52:03,360 - ResourceManager : found /templates/head.vm with loader org.apache.velocity.runtime.resource.loader.ClasspathResourceLoader
2022-02-21 13:52:03,363 - Velocimacro : added VM stringArray: source=/templates/macros/array.js.vm
2022-02-21 13:52:03,363 - Velocimacro : added VM numberArray: source=/templates/macros/array.js.vm
2022-02-21 13:52:03,363 - ResourceManager : found /templates/macros/array.js.vm with loader org.apache.velocity.runtime.resource.loader.ClasspathResourceLoader
2022-02-21 13:52:03,366 - Velocimacro : added VM includeBuildInfo: source=/templates/macros/page/buildinfo.vm
2022-02-21 13:52:03,366 - ResourceManager : found /templates/macros/page/buildinfo.vm with loader org.apache.velocity.runtime.resource.loader.ClasspathResourceLoader
2022-02-21 13:52:03,370 - Velocimacro : added VM includeClassifications: source=/templates/macros/page/classifications.vm
2022-02-21 13:52:03,370 - ResourceManager : found /templates/macros/page/classifications.vm with loader org.apache.velocity.runtime.resource.loader.ClasspathResourceLoader
2022-02-21 13:52:03,371 - Velocimacro : added VM includeLead: source=/templates/macros/page/lead.vm
2022-02-21 13:52:03,371 - ResourceManager : found /templates/macros/page/lead.vm with loader org.apache.velocity.runtime.resource.loader.ClasspathResourceLoader
2022-02-21 13:52:03,377 - Velocimacro : added VM includeNavigation: source=/templates/macros/page/navigation.vm
2022-02-21 13:52:03,377 - ResourceManager : found /templates/macros/page/navigation.vm with loader org.apache.velocity.runtime.resource.loader.ClasspathResourceLoader
2022-02-21 13:52:03,380 - Velocimacro : added VM includeReportInfo: source=/templates/macros/page/reportInfo.vm
2022-02-21 13:52:03,380 - ResourceManager : found /templates/macros/page/reportInfo.vm with loader org.apache.velocity.runtime.resource.loader.ClasspathResourceLoader
2022-02-21 13:52:03,381 - Velocimacro : added VM includeTitle: source=/templates/macros/page/title.vm
2022-02-21 13:52:03,381 - ResourceManager : found /templates/macros/page/title.vm with loader org.apache.velocity.runtime.resource.loader.ClasspathResourceLoader
2022-02-21 13:52:03,382 - Velocimacro : added VM includeExpandingButtons: source=/templates/macros/report/expandAllButtons.vm
2022-02-21 13:52:03,382 - ResourceManager : found /templates/macros/report/expandAllButtons.vm with loader org.apache.velocity.runtime.resource.loader.ClasspathResourceLoader
2022-02-21 13:52:03,388 - Velocimacro : added VM includeReportTable: source=/templates/macros/report/reportTable.vm
2022-02-21 13:52:03,388 - ResourceManager : found /templates/macros/report/reportTable.vm with loader org.apache.velocity.runtime.resource.loader.ClasspathResourceLoader
2022-02-21 13:52:03,390 - Velocimacro : added VM includeReportHeader: source=/templates/macros/report/reportHeader.vm
2022-02-21 13:52:03,390 - ResourceManager : found /templates/macros/report/reportHeader.vm with loader org.apache.velocity.runtime.resource.loader.ClasspathResourceLoader
2022-02-21 13:52:03,398 - Velocimacro : added VM includeStatsTable: source=/templates/macros/report/statsTable.vm
2022-02-21 13:52:03,398 - ResourceManager : found /templates/macros/report/statsTable.vm with loader org.apache.velocity.runtime.resource.loader.ClasspathResourceLoader
2022-02-21 13:52:03,399 - Velocimacro : added VM includeBrief: source=/templates/macros/json/brief.vm
2022-02-21 13:52:03,399 - ResourceManager : found /templates/macros/json/brief.vm with loader org.apache.velocity.runtime.resource.loader.ClasspathResourceLoader
2022-02-21 13:52:03,400 - Velocimacro : added VM includeDocString: source=/templates/macros/json/docstring.vm
2022-02-21 13:52:03,400 - ResourceManager : found /templates/macros/json/docstring.vm with loader org.apache.velocity.runtime.resource.loader.ClasspathResourceLoader
2022-02-21 13:52:03,401 - Velocimacro : added VM includeDuration: source=/templates/macros/json/duration.vm
2022-02-21 13:52:03,402 - ResourceManager : found /templates/macros/json/duration.vm with loader org.apache.velocity.runtime.resource.loader.ClasspathResourceLoader
2022-02-21 13:52:03,406 - Velocimacro : added VM includeElement: source=/templates/macros/json/element.vm
2022-02-21 13:52:03,406 - ResourceManager : found /templates/macros/json/element.vm with loader org.apache.velocity.runtime.resource.loader.ClasspathResourceLoader
2022-02-21 13:52:03,416 - Velocimacro : added VM includeEmbeddings: source=/templates/macros/json/embeddings.vm
2022-02-21 13:52:03,416 - Velocimacro : added VM includeHtmlEmbedding: source=/templates/macros/json/embeddings.vm
2022-02-21 13:52:03,416 - Velocimacro : added VM includeVideoEmbedding: source=/templates/macros/json/embeddings.vm
2022-02-21 13:52:03,416 - Velocimacro : added VM includeImageEmbedding: source=/templates/macros/json/embeddings.vm
2022-02-21 13:52:03,417 - Velocimacro : added VM includeImageReferenceEmbedding: source=/templates/macros/json/embeddings.vm
2022-02-21 13:52:03,417 - Velocimacro : added VM includeTextEmbedding: source=/templates/macros/json/embeddings.vm
2022-02-21 13:52:03,417 - Velocimacro : added VM includeUnknownEmbedding: source=/templates/macros/json/embeddings.vm
2022-02-21 13:52:03,417 - ResourceManager : found /templates/macros/json/embeddings.vm with loader org.apache.velocity.runtime.resource.loader.ClasspathResourceLoader
2022-02-21 13:52:03,420 - Velocimacro : added VM includeHooks: source=/templates/macros/json/hooks.vm
2022-02-21 13:52:03,420 - ResourceManager : found /templates/macros/json/hooks.vm with loader org.apache.velocity.runtime.resource.loader.ClasspathResourceLoader
2022-02-21 13:52:03,422 - Velocimacro : added VM includeOutput: source=/templates/macros/json/output.vm
2022-02-21 13:52:03,422 - ResourceManager : found /templates/macros/json/output.vm with loader org.apache.velocity.runtime.resource.loader.ClasspathResourceLoader
2022-02-21 13:52:03,423 - Velocimacro : added VM includeMessage: source=/templates/macros/json/message.vm
2022-02-21 13:52:03,423 - ResourceManager : found /templates/macros/json/message.vm with loader org.apache.velocity.runtime.resource.loader.ClasspathResourceLoader
2022-02-21 13:52:03,426 - Velocimacro : added VM includeSteps: source=/templates/macros/json/steps.vm
2022-02-21 13:52:03,426 - ResourceManager : found /templates/macros/json/steps.vm with loader org.apache.velocity.runtime.resource.loader.ClasspathResourceLoader
2022-02-21 13:52:03,427 - Velocimacro : added VM includeStepName: source=/templates/macros/json/stepName.vm
2022-02-21 13:52:03,427 - ResourceManager : found /templates/macros/json/stepName.vm with loader org.apache.velocity.runtime.resource.loader.ClasspathResourceLoader
2022-02-21 13:52:03,428 - Velocimacro : added VM includeTags: source=/templates/macros/json/tags.vm
2022-02-21 13:52:03,428 - ResourceManager : found /templates/macros/json/tags.vm with loader org.apache.velocity.runtime.resource.loader.ClasspathResourceLoader
2022-02-21 13:52:03,440 - VM #includeNavigation: too few arguments to macro. Wanted 1 got 0
2022-02-21 13:52:03,441 - Left side ($active_tab) of '==' operation has null value. If it is a reference, it may not be in the context or its toString() returned null. /templates/macros/page/navigation.vm[line 14, column 51]
2022-02-21 13:52:03,441 - Left side ($active_tab) of '==' operation has null value. If it is a reference, it may not be in the context or its toString() returned null. /templates/macros/page/navigation.vm[line 15, column 51]
2022-02-21 13:52:03,441 - Left side ($active_tab) of '==' operation has null value. If it is a reference, it may not be in the context or its toString() returned null. /templates/macros/page/navigation.vm[line 16, column 51]
2022-02-21 13:52:03,441 - Left side ($active_tab) of '==' operation has null value. If it is a reference, it may not be in the context or its toString() returned null. /templates/macros/page/navigation.vm[line 20, column 51]
2022-02-21 13:52:03,483 - ResourceManager : found /templates/footer.vm with loader org.apache.velocity.runtime.resource.loader.ClasspathResourceLoader
